<?xml version="1.0" encoding="UTF-8"?>
<!-- Generated by org.testng.reporters.JUnitXMLReporter -->
<testsuite ignored="0" hostname="DESKTOP-LLAUDF3" failures="0" tests="4" name="Default test" time="20.265" errors="0" timestamp="2024-02-21T19:53:27 IST">
  <testcase classname="tests.CheckoutTest" name="checkout" time="5.367"/>
  <testcase classname="tests.CheckoutTest" name="comparetotal" time="0.16"/>
  <testcase classname="tests.CheckoutTest" name="verifyFinishbtnEnabled" time="0.052"/>
  <testcase classname="tests.CheckoutTest" name="verifysuccessmsg" time="0.185"/>
</testsuite> <!-- Default test -->
